<?xml version="1.0" encoding="utf-8"?><testsuites name="pytest tests"><testsuite name="pytest" errors="0" failures="0" skipped="0" tests="0" time="0.024" timestamp="2025-10-09T21:15:10.958239+02:00" hostname="Goliath" /></testsuites>