<?xml version="1.0" encoding="utf-8"?><testsuites name="pytest tests"><testsuite name="pytest" errors="0" failures="0" skipped="0" tests="0" time="2.575" timestamp="2025-10-15T19:05:49.218185+02:00" hostname="Goliath" /></testsuites>