<?xml version="1.0" encoding="utf-8"?><testsuites name="pytest tests"><testsuite name="pytest" errors="0" failures="0" skipped="0" tests="13" time="2.195" timestamp="2025-10-15T17:11:24.275451+02:00" hostname="Goliath"><testcase classname="tests.test_all_vm_tools.TestVMToolsComprehensive" name="test_list_vms_with_mock" time="1.937" /><testcase classname="tests.test_all_vm_tools.TestVMToolsComprehensive" name="test_get_vm_info_with_mock" time="0.006" /><testcase classname="tests.test_all_vm_tools.TestVMToolsComprehensive" name="test_create_vm_with_mock" time="0.010" /><testcase classname="tests.test_all_vm_tools.TestVMToolsComprehensive" name="test_start_vm_with_mock" time="0.007" /><testcase classname="tests.test_all_vm_tools.TestVMToolsComprehensive" name="test_stop_vm_with_mock" time="0.007" /><testcase classname="tests.test_all_vm_tools.TestVMToolsComprehensive" name="test_delete_vm_with_mock" time="0.008" /><testcase classname="tests.test_all_vm_tools.TestVMToolsComprehensive" name="test_clone_vm_with_mock" time="0.007" /><testcase classname="tests.test_all_vm_tools.TestVMToolsComprehensive" name="test_reset_vm_with_mock" time="0.007" /><testcase classname="tests.test_all_vm_tools.TestVMToolsComprehensive" name="test_pause_vm_with_mock" time="0.007" /><testcase classname="tests.test_all_vm_tools.TestVMToolsComprehensive" name="test_resume_vm_with_mock" time="0.007" /><testcase classname="tests.integration.test_vm_lifecycle_integration.TestVMLifecycleIntegration" name="test_create_start_stop_delete_workflow" time="0.056" /><testcase classname="tests.integration.test_vm_lifecycle_integration.TestVMLifecycleIntegration" name="test_snapshot_workflow" time="0.005" /><testcase classname="tests.integration.test_vm_lifecycle_integration.TestPortmanteauIntegration" name="test_vm_management_full_workflow" time="0.009" /></testsuite></testsuites>