<?xml version="1.0" encoding="utf-8"?><testsuites name="pytest tests"><testsuite name="pytest" errors="0" failures="0" skipped="0" tests="8" time="2.162" timestamp="2025-10-16T00:07:27.275854+02:00" hostname="Goliath"><testcase classname="tests.test_all_vm_tools.TestSnapshotToolsComprehensive" name="test_list_snapshots_with_mock" time="1.927" /><testcase classname="tests.test_all_vm_tools.TestSnapshotToolsComprehensive" name="test_create_snapshot_with_mock" time="0.009" /><testcase classname="tests.test_all_vm_tools.TestSnapshotToolsComprehensive" name="test_restore_snapshot_with_mock" time="0.009" /><testcase classname="tests.test_all_vm_tools.TestSnapshotToolsComprehensive" name="test_delete_snapshot_with_mock" time="0.010" /><testcase classname="tests.test_all_vm_tools.TestStorageToolsComprehensive" name="test_list_storage_controllers_with_mock" time="0.007" /><testcase classname="tests.test_all_vm_tools.TestSystemToolsComprehensive" name="test_get_system_info_execution" time="0.030" /><testcase classname="tests.test_all_vm_tools.TestSystemToolsComprehensive" name="test_get_vbox_version_with_mock" time="0.010" /><testcase classname="tests.test_all_vm_tools.TestSystemToolsComprehensive" name="test_list_os_types_with_mock" time="0.008" /></testsuite></testsuites>