<?xml version="1.0" encoding="utf-8"?><testsuites name="pytest tests"><testsuite name="pytest" errors="0" failures="0" skipped="0" tests="1" time="2.189" timestamp="2025-10-15T16:28:22.314180+02:00" hostname="Goliath"><testcase classname="tests.test_quick_coverage_boost.TestVMServiceQuick" name="test_vm_service_init" time="2.015" /></testsuite></testsuites>