<?xml version="1.0" encoding="utf-8"?><testsuites name="pytest tests"><testsuite name="pytest" errors="0" failures="0" skipped="0" tests="39" time="4.414" timestamp="2025-10-15T17:12:22.684695+02:00" hostname="Goliath"><testcase classname="tests.test_quick_coverage_boost.TestMainModules" name="test_main_module_import" time="1.877" /><testcase classname="tests.test_quick_coverage_boost.TestMainModules" name="test_main_entry_point_import" time="0.036" /><testcase classname="tests.test_quick_coverage_boost.TestMainModules" name="test_all_tools_server_import" time="0.003" /><testcase classname="tests.test_quick_coverage_boost.TestToolsModules" name="test_dev_tools_import" time="0.005" /><testcase classname="tests.test_quick_coverage_boost.TestToolsModules" name="test_example_tools_import" time="0.002" /><testcase classname="tests.test_quick_coverage_boost.TestToolsModules" name="test_help_tool_import" time="0.002" /><testcase classname="tests.test_quick_coverage_boost.TestToolsModules" name="test_mcp_tools_import" time="0.006" /><testcase classname="tests.test_quick_coverage_boost.TestVBoxModules" name="test_vbox_manager_import" time="0.049" /><testcase classname="tests.test_quick_coverage_boost.TestVBoxModules" name="test_vbox_compat_adapter_import" time="0.002" /><testcase classname="tests.test_quick_coverage_boost.TestVBoxModules" name="test_vbox_compat_import" time="0.002" /><testcase classname="tests.test_quick_coverage_boost.TestServiceModules" name="test_vm_service_import" time="0.005" /><testcase classname="tests.test_quick_coverage_boost.TestServiceModules" name="test_service_manager_import" time="0.002" /><testcase classname="tests.test_quick_coverage_boost.TestUtilityModules" name="test_config_import" time="0.003" /><testcase classname="tests.test_quick_coverage_boost.TestUtilityModules" name="test_exceptions_import" time="0.003" /><testcase classname="tests.test_quick_coverage_boost.TestUtilityModules" name="test_async_wrapper_import" time="0.040" /><testcase classname="tests.test_quick_coverage_boost.TestQuickExecution" name="test_config_constants" time="0.002" /><testcase classname="tests.test_quick_coverage_boost.TestQuickExecution" name="test_exceptions_types" time="0.002" /><testcase classname="tests.test_quick_coverage_boost.TestQuickExecution" name="test_async_wrapper_functions" time="0.002" /><testcase classname="tests.test_quick_coverage_boost.TestVMServiceQuick" name="test_vm_service_class" time="0.002" /><testcase classname="tests.test_quick_coverage_boost.TestVMServiceQuick" name="test_vm_service_init" time="0.002" /><testcase classname="tests.test_quick_coverage_boost.TestVBoxManagerQuick" name="test_vbox_manager_class" time="0.003" /><testcase classname="tests.test_quick_coverage_boost.TestVBoxManagerQuick" name="test_vbox_manager_run_command" time="0.010" /><testcase classname="tests.test_quick_coverage_boost.TestToolsExecution" name="test_example_tools_functions" time="0.002" /><testcase classname="tests.test_quick_coverage_boost.TestToolsExecution" name="test_help_tool_functions" time="0.002" /><testcase classname="tests.test_quick_coverage_boost.TestToolsExecution" name="test_dev_tools_functions" time="0.003" /><testcase classname="tests.test_quick_coverage_boost.TestModuleImports" name="test_all_imports_execute" time="0.002" /><testcase classname="tests.test_all_vm_tools.TestVMToolsComprehensive" name="test_list_vms_with_mock" time="0.010" /><testcase classname="tests.test_all_vm_tools.TestVMToolsComprehensive" name="test_get_vm_info_with_mock" time="0.007" /><testcase classname="tests.test_all_vm_tools.TestVMToolsComprehensive" name="test_create_vm_with_mock" time="0.060" /><testcase classname="tests.test_all_vm_tools.TestVMToolsComprehensive" name="test_start_vm_with_mock" time="0.006" /><testcase classname="tests.test_all_vm_tools.TestVMToolsComprehensive" name="test_stop_vm_with_mock" time="0.006" /><testcase classname="tests.test_all_vm_tools.TestVMToolsComprehensive" name="test_delete_vm_with_mock" time="0.006" /><testcase classname="tests.test_all_vm_tools.TestVMToolsComprehensive" name="test_clone_vm_with_mock" time="0.006" /><testcase classname="tests.test_all_vm_tools.TestVMToolsComprehensive" name="test_reset_vm_with_mock" time="0.006" /><testcase classname="tests.test_all_vm_tools.TestVMToolsComprehensive" name="test_pause_vm_with_mock" time="0.006" /><testcase classname="tests.test_all_vm_tools.TestVMToolsComprehensive" name="test_resume_vm_with_mock" time="0.006" /><testcase classname="tests.integration.test_vm_lifecycle_integration.TestVMLifecycleIntegration" name="test_create_start_stop_delete_workflow" time="0.007" /><testcase classname="tests.integration.test_vm_lifecycle_integration.TestVMLifecycleIntegration" name="test_snapshot_workflow" time="0.005" /><testcase classname="tests.integration.test_vm_lifecycle_integration.TestPortmanteauIntegration" name="test_vm_management_full_workflow" time="0.010" /></testsuite></testsuites>